<?xml version="1.0" encoding="UTF-8"?>
<testng-results ignored="0" total="1" passed="1" failed="0" skipped="0">
  <reporter-output>
  </reporter-output>
  <suite started-at="2019-10-27T18:17:54 GMT" name="Default suite" finished-at="2019-10-27T18:17:57 GMT" duration-ms="2717">
    <groups>
      <group name="cucumber">
        <method signature="TestRunner.scenario(io.cucumber.testng.PickleEventWrapper, io.cucumber.testng.CucumberFeatureWrapper)[pri:0, instance:runner.TestRunner@5136d012]" name="scenario" class="runner.TestRunner"/>
      </group> <!-- cucumber -->
    </groups>
    <test started-at="2019-10-27T18:17:54 GMT" name="Default test" finished-at="2019-10-27T18:17:57 GMT" duration-ms="2717">
      <class name="runner.TestRunner">
        <test-method is-config="true" signature="setUp()[pri:0, instance:runner.TestRunner@5136d012]" started-at="2019-10-27T18:17:54 GMT" name="setUp" finished-at="2019-10-27T18:17:54 GMT" duration-ms="19" status="PASS">
          <reporter-output>
          </reporter-output>
        </test-method> <!-- setUp -->
        <test-method is-config="true" signature="setUpClass()[pri:0, instance:runner.TestRunner@5136d012]" started-at="2019-10-27T18:17:54 GMT" name="setUpClass" finished-at="2019-10-27T18:17:54 GMT" duration-ms="151" status="PASS">
          <reporter-output>
          </reporter-output>
        </test-method> <!-- setUpClass -->
        <test-method signature="scenario(io.cucumber.testng.PickleEventWrapper, io.cucumber.testng.CucumberFeatureWrapper)[pri:0, instance:runner.TestRunner@5136d012]" started-at="2019-10-27T18:17:55 GMT" name="scenario" description="Runs Cucumber Scenarios" data-provider="scenarios" finished-at="2019-10-27T18:17:57 GMT" duration-ms="2387" status="PASS">
          <params>
            <param index="0">
              <value>
                <![CDATA["Get list of products"]]>
              </value>
            </param>
            <param index="1">
              <value>
                <![CDATA["List of Product"]]>
              </value>
            </param>
          </params>
          <reporter-output>
          </reporter-output>
        </test-method> <!-- scenario -->
        <test-method is-config="true" signature="tearDownClass()[pri:0, instance:runner.TestRunner@5136d012]" started-at="2019-10-27T18:17:57 GMT" name="tearDownClass" finished-at="2019-10-27T18:17:57 GMT" duration-ms="102" status="PASS">
          <reporter-output>
          </reporter-output>
        </test-method> <!-- tearDownClass -->
        <test-method is-config="true" signature="generateReport()[pri:0, instance:runner.TestRunner@5136d012]" started-at="2019-10-27T18:17:57 GMT" name="generateReport" finished-at="2019-10-27T18:17:58 GMT" duration-ms="1168" status="PASS">
          <reporter-output>
          </reporter-output>
        </test-method> <!-- generateReport -->
        <test-method is-config="true" signature="tearDown()[pri:0, instance:runner.TestRunner@5136d012]" started-at="2019-10-27T18:17:58 GMT" name="tearDown" finished-at="2019-10-27T18:17:58 GMT" duration-ms="0" status="PASS">
          <reporter-output>
          </reporter-output>
        </test-method> <!-- tearDown -->
      </class> <!-- runner.TestRunner -->
    </test> <!-- Default test -->
  </suite> <!-- Default suite -->
</testng-results>
